<?xml version="1.0" encoding="UTF-8"?>
<!-- Generated by org.testng.reporters.JUnitReportReporter -->
<testsuite name="com.estore.tests.VariableWeightItem" tests="1" time="35.007" ignored="2" failures="0" timestamp="10 Apr 2017 03:47:23 GMT" skipped="0" hostname="Ramesh-MacBook-Pro.local" errors="0">
  <testcase name="variableWeight" time="35.007" classname="com.estore.tests.VariableWeightItem"/>
  <testcase name="beforeSuite" classname="com.estore.util.TestBase">
    <skipped/>
  </testcase> <!-- beforeSuite -->
  <testcase name="beforeSuite" classname="com.estore.util.TestBase">
    <skipped/>
  </testcase> <!-- beforeSuite -->
</testsuite> <!-- com.estore.tests.VariableWeightItem -->
