<?xml version="1.0" encoding="UTF-8"?>
<!-- Generated by org.testng.reporters.JUnitReportReporter -->
<testsuite name="com.estore.tests.VariableWeightItemTestRail" tests="1" time="46.805" ignored="0" failures="0" timestamp="12 Apr 2017 00:49:34 GMT" skipped="0" hostname="pnrsf-ballenger.wfm.pvt" errors="0">
  <testcase name="variableWeight" time="46.805" classname="com.estore.tests.VariableWeightItemTestRail"/>
</testsuite> <!-- com.estore.tests.VariableWeightItemTestRail -->
