<?xml version="1.0" encoding="UTF-8"?>
<!-- Generated by org.testng.reporters.JUnitReportReporter -->
<testsuite name="com.estore.tests.DeliveryOnlyTestRailM2" tests="1" time="32.049" ignored="0" failures="0" timestamp="12 Apr 2017 02:03:16 GMT" skipped="0" hostname="Ramesh-MacBook-Pro.local" errors="0">
  <testcase name="deliveryOnly" time="32.049" classname="com.estore.tests.DeliveryOnlyTestRailM2"/>
</testsuite> <!-- com.estore.tests.DeliveryOnlyTestRailM2 -->
