<?xml version="1.0" encoding="UTF-8"?>
<!-- Generated by org.testng.reporters.JUnitReportReporter -->
<testsuite skipped="1" hostname="Ramesh-MacBook-Pro.local" name="com.estore.tests.ZeroInventory" tests="2" failures="0" timestamp="21 Apr 2017 02:35:04 GMT" time="0.006" errors="1">
  <testcase name="zeroInventory" time="0.006" classname="com.estore.tests.ZeroInventory">
    <skipped/>
  </testcase> <!-- zeroInventory -->
  <testcase name="beforeMethod" time="0.000" classname="com.estore.tests.ZeroInventory">
    <error type="org.openqa.selenium.WebDriverException" message="Failed to connect to binary FirefoxBinary(/Applications/Firefox.app/Contents/MacOS/firefox-bin) on port 7055; process output follows: 
s/Firefox.app/Contents/Resources/browser/features/aushelper@mozilla.org.xpi
1492742059519	addons.xpi	DEBUG	Loading bootstrap scope from /Applications/Firefox.app/Contents/Resources/browser/features/aushelper@mozilla.org.xpi
1492742059523	addons.xpi	DEBUG	Calling bootstrap method startup on aushelper@mozilla.org version 2.0
1492742059523	addons.xpi	DEBUG	Registering manifest for /Applications/Firefox.app/Contents/Resources/browser/features/e10srollout@mozilla.org.xpi
1492742059524	addons.xpi	DEBUG	Loading bootstrap scope from /Applications/Firefox.app/Contents/Resources/browser/features/e10srollout@mozilla.org.xpi
1492742059525	addons.xpi	DEBUG	Calling bootstrap method startup on e10srollout@mozilla.org version 1.14
1492742059526	addons.xpi	DEBUG	Registering manifest for /Applications/Firefox.app/Contents/Resources/browser/features/firefox@getpocket.com.xpi
1492742059527	addons.xpi	DEBUG	Loading bootstrap scope from /Applications/Firefox.app/Contents/Resources/browser/features/firefox@getpocket.com.xpi
1492742059529	addons.xpi	DEBUG	Calling bootstrap method startup on firefox@getpocket.com version 1.0.5
1492742059536	addons.xpi-utils	DEBUG	Starting async load of XPI database /var/folders/fv/rsc_8jln7mj3r5yf66_8tt5c0000gp/T/anonymous8350311055480458898webdriver-profile/extensions.json
1492742059538	addons.xpi	DEBUG	Registering manifest for /Applications/Firefox.app/Contents/Resources/browser/features/webcompat@mozilla.org.xpi
1492742059538	addons.xpi	DEBUG	Loading bootstrap scope from /Applications/Firefox.app/Contents/Resources/browser/features/webcompat@mozilla.org.xpi
1492742059539	addons.xpi	DEBUG	Calling bootstrap method startup on webcompat@mozilla.org version 1.0
1492742059541	addons.manager	DEBUG	Registering shutdown blocker for XPIProvider
1492742059541	addons.manager	DEBUG	Provider finished startup: XPIProvider
1492742059541	addons.manager	DEBUG	Starting provider: LightweightThemeManager
1492742059541	addons.manager	DEBUG	Registering shutdown blocker for LightweightThemeManager
1492742059542	addons.manager	DEBUG	Provider finished startup: LightweightThemeManager
1492742059542	addons.manager	DEBUG	Starting provider: GMPProvider
1492742059546	addons.manager	DEBUG	Registering shutdown blocker for GMPProvider
1492742059547	addons.manager	DEBUG	Provider finished startup: GMPProvider
1492742059547	addons.manager	DEBUG	Starting provider: PluginProvider
1492742059547	addons.manager	DEBUG	Registering shutdown blocker for PluginProvider
1492742059547	addons.manager	DEBUG	Provider finished startup: PluginProvider
1492742059548	addons.manager	DEBUG	Completed startup sequence
1492742059803	addons.xpi-utils	DEBUG	Async JSON file read took 0 MS
1492742059803	addons.xpi-utils	DEBUG	Finished async read of XPI database, parsing...
1492742059805	addons.xpi-utils	DEBUG	Successfully read XPI database
1492742059815	addons.manager	DEBUG	Starting provider: &lt;unnamed-provider&gt;
1492742059815	addons.manager	DEBUG	Registering shutdown blocker for &lt;unnamed-provider&gt;
1492742059816	addons.manager	DEBUG	Provider finished startup: &lt;unnamed-provider&gt;
*** Blocklist::_loadBlocklistFromFile: blocklist is disabled
1492742059920	addons.manager	DEBUG	Starting provider: PreviousExperimentProvider
1492742059920	addons.manager	DEBUG	Registering shutdown blocker for PreviousExperimentProvider
1492742059920	addons.manager	DEBUG	Provider finished startup: PreviousExperimentProvider
2017-04-20 21:34:21.287 plugin-container[799:30785] *** CFMessagePort: bootstrap_register(): failed 1100 (0x44c) &#039;Permission denied&#039;, port = 0x8a3f, name = &#039;com.apple.tsm.portname&#039;
See /usr/include/servers/bootstrap_defs.h for the error codes.
2017-04-20 21:34:21.291 plugin-container[799:30785] *** CFMessagePort: bootstrap_register(): failed 1100 (0x44c) &#039;Permission denied&#039;, port = 0x4d1b, name = &#039;com.apple.CFPasteboardClient&#039;
See /usr/include/servers/bootstrap_defs.h for the error codes.
2017-04-20 21:34:21.291 plugin-container[799:30785] void __CFPasteboardSetup() : Failed to allocate communication port for com.apple.CFPasteboardClient; this is likely due to sandbox restrictions

Build info: version: &#039;2.45.0&#039;, revision: &#039;5017cb8&#039;, time: &#039;2015-02-26 23:59:50&#039;
System info: host: &#039;Ramesh-MacBook-Pro.local&#039;, ip: &#039;192.168.0.6&#039;, os.name: &#039;Mac OS X&#039;, os.arch: &#039;x86_64&#039;, os.version: &#039;10.11.6&#039;, java.version: &#039;1.8.0_111&#039;
Driver info: driver.version: FirefoxDriver">
      <![CDATA[org.openqa.selenium.WebDriverException: Failed to connect to binary FirefoxBinary(/Applications/Firefox.app/Contents/MacOS/firefox-bin) on port 7055; process output follows: 
s/Firefox.app/Contents/Resources/browser/features/aushelper@mozilla.org.xpi
1492742059519	addons.xpi	DEBUG	Loading bootstrap scope from /Applications/Firefox.app/Contents/Resources/browser/features/aushelper@mozilla.org.xpi
1492742059523	addons.xpi	DEBUG	Calling bootstrap method startup on aushelper@mozilla.org version 2.0
1492742059523	addons.xpi	DEBUG	Registering manifest for /Applications/Firefox.app/Contents/Resources/browser/features/e10srollout@mozilla.org.xpi
1492742059524	addons.xpi	DEBUG	Loading bootstrap scope from /Applications/Firefox.app/Contents/Resources/browser/features/e10srollout@mozilla.org.xpi
1492742059525	addons.xpi	DEBUG	Calling bootstrap method startup on e10srollout@mozilla.org version 1.14
1492742059526	addons.xpi	DEBUG	Registering manifest for /Applications/Firefox.app/Contents/Resources/browser/features/firefox@getpocket.com.xpi
1492742059527	addons.xpi	DEBUG	Loading bootstrap scope from /Applications/Firefox.app/Contents/Resources/browser/features/firefox@getpocket.com.xpi
1492742059529	addons.xpi	DEBUG	Calling bootstrap method startup on firefox@getpocket.com version 1.0.5
1492742059536	addons.xpi-utils	DEBUG	Starting async load of XPI database /var/folders/fv/rsc_8jln7mj3r5yf66_8tt5c0000gp/T/anonymous8350311055480458898webdriver-profile/extensions.json
1492742059538	addons.xpi	DEBUG	Registering manifest for /Applications/Firefox.app/Contents/Resources/browser/features/webcompat@mozilla.org.xpi
1492742059538	addons.xpi	DEBUG	Loading bootstrap scope from /Applications/Firefox.app/Contents/Resources/browser/features/webcompat@mozilla.org.xpi
1492742059539	addons.xpi	DEBUG	Calling bootstrap method startup on webcompat@mozilla.org version 1.0
1492742059541	addons.manager	DEBUG	Registering shutdown blocker for XPIProvider
1492742059541	addons.manager	DEBUG	Provider finished startup: XPIProvider
1492742059541	addons.manager	DEBUG	Starting provider: LightweightThemeManager
1492742059541	addons.manager	DEBUG	Registering shutdown blocker for LightweightThemeManager
1492742059542	addons.manager	DEBUG	Provider finished startup: LightweightThemeManager
1492742059542	addons.manager	DEBUG	Starting provider: GMPProvider
1492742059546	addons.manager	DEBUG	Registering shutdown blocker for GMPProvider
1492742059547	addons.manager	DEBUG	Provider finished startup: GMPProvider
1492742059547	addons.manager	DEBUG	Starting provider: PluginProvider
1492742059547	addons.manager	DEBUG	Registering shutdown blocker for PluginProvider
1492742059547	addons.manager	DEBUG	Provider finished startup: PluginProvider
1492742059548	addons.manager	DEBUG	Completed startup sequence
1492742059803	addons.xpi-utils	DEBUG	Async JSON file read took 0 MS
1492742059803	addons.xpi-utils	DEBUG	Finished async read of XPI database, parsing...
1492742059805	addons.xpi-utils	DEBUG	Successfully read XPI database
1492742059815	addons.manager	DEBUG	Starting provider: <unnamed-provider>
1492742059815	addons.manager	DEBUG	Registering shutdown blocker for <unnamed-provider>
1492742059816	addons.manager	DEBUG	Provider finished startup: <unnamed-provider>
*** Blocklist::_loadBlocklistFromFile: blocklist is disabled
1492742059920	addons.manager	DEBUG	Starting provider: PreviousExperimentProvider
1492742059920	addons.manager	DEBUG	Registering shutdown blocker for PreviousExperimentProvider
1492742059920	addons.manager	DEBUG	Provider finished startup: PreviousExperimentProvider
2017-04-20 21:34:21.287 plugin-container[799:30785] *** CFMessagePort: bootstrap_register(): failed 1100 (0x44c) 'Permission denied', port = 0x8a3f, name = 'com.apple.tsm.portname'
See /usr/include/servers/bootstrap_defs.h for the error codes.
2017-04-20 21:34:21.291 plugin-container[799:30785] *** CFMessagePort: bootstrap_register(): failed 1100 (0x44c) 'Permission denied', port = 0x4d1b, name = 'com.apple.CFPasteboardClient'
See /usr/include/servers/bootstrap_defs.h for the error codes.
2017-04-20 21:34:21.291 plugin-container[799:30785] void __CFPasteboardSetup() : Failed to allocate communication port for com.apple.CFPasteboardClient; this is likely due to sandbox restrictions

Build info: version: '2.45.0', revision: '5017cb8', time: '2015-02-26 23:59:50'
System info: host: 'Ramesh-MacBook-Pro.local', ip: '192.168.0.6', os.name: 'Mac OS X', os.arch: 'x86_64', os.version: '10.11.6', java.version: '1.8.0_111'
Driver info: driver.version: FirefoxDriver
	at org.openqa.selenium.firefox.internal.NewProfileExtensionConnection.start(NewProfileExtensionConnection.java:130)
	at org.openqa.selenium.firefox.FirefoxDriver.startClient(FirefoxDriver.java:246)
	at org.openqa.selenium.remote.RemoteWebDriver.<init>(RemoteWebDriver.java:114)
	at org.openqa.selenium.firefox.FirefoxDriver.<init>(FirefoxDriver.java:193)
	at org.openqa.selenium.firefox.FirefoxDriver.<init>(FirefoxDriver.java:186)
	at org.openqa.selenium.firefox.FirefoxDriver.<init>(FirefoxDriver.java:182)
	at org.openqa.selenium.firefox.FirefoxDriver.<init>(FirefoxDriver.java:95)
	at com.estore.util.WebDriverHelper.createDriver(WebDriverHelper.java:22)
	at com.estore.util.TestBase.beforeMethod(TestBase.java:46)
	at sun.reflect.NativeMethodAccessorImpl.invoke0(Native Method)
	at sun.reflect.NativeMethodAccessorImpl.invoke(NativeMethodAccessorImpl.java:62)
	at sun.reflect.DelegatingMethodAccessorImpl.invoke(DelegatingMethodAccessorImpl.java:43)
	at java.lang.reflect.Method.invoke(Method.java:498)
	at org.testng.internal.MethodInvocationHelper.invokeMethod(MethodInvocationHelper.java:100)
	at org.testng.internal.Invoker.invokeConfigurationMethod(Invoker.java:515)
	at org.testng.internal.Invoker.invokeConfigurations(Invoker.java:216)
	at org.testng.internal.Invoker.invokeMethod(Invoker.java:590)
	at org.testng.internal.Invoker.invokeTestMethod(Invoker.java:811)
	at org.testng.internal.Invoker.invokeTestMethods(Invoker.java:1137)
	at org.testng.internal.TestMethodWorker.invokeTestMethods(TestMethodWorker.java:129)
	at org.testng.internal.TestMethodWorker.run(TestMethodWorker.java:112)
	at org.testng.TestRunner.privateRun(TestRunner.java:753)
	at org.testng.TestRunner.run(TestRunner.java:607)
	at org.testng.SuiteRunner.runTest(SuiteRunner.java:368)
	at org.testng.SuiteRunner.runSequentially(SuiteRunner.java:363)
	at org.testng.SuiteRunner.privateRun(SuiteRunner.java:321)
	at org.testng.SuiteRunner.run(SuiteRunner.java:270)
	at org.testng.SuiteRunnerWorker.runSuite(SuiteRunnerWorker.java:52)
	at org.testng.SuiteRunnerWorker.run(SuiteRunnerWorker.java:86)
	at org.testng.TestNG.runSuitesSequentially(TestNG.java:1284)
	at org.testng.TestNG.runSuitesLocally(TestNG.java:1209)
	at org.testng.TestNG.runSuites(TestNG.java:1124)
	at org.testng.TestNG.run(TestNG.java:1096)
	at org.testng.remote.AbstractRemoteTestNG.run(AbstractRemoteTestNG.java:132)
	at org.testng.remote.RemoteTestNG.initAndRun(RemoteTestNG.java:236)
	at org.testng.remote.RemoteTestNG.main(RemoteTestNG.java:81)
Caused by: org.openqa.selenium.firefox.NotConnectedException: Unable to connect to host 127.0.0.1 on port 7055 after 45000 ms. Firefox console output:
s/Firefox.app/Contents/Resources/browser/features/aushelper@mozilla.org.xpi
1492742059519	addons.xpi	DEBUG	Loading bootstrap scope from /Applications/Firefox.app/Contents/Resources/browser/features/aushelper@mozilla.org.xpi
1492742059523	addons.xpi	DEBUG	Calling bootstrap method startup on aushelper@mozilla.org version 2.0
1492742059523	addons.xpi	DEBUG	Registering manifest for /Applications/Firefox.app/Contents/Resources/browser/features/e10srollout@mozilla.org.xpi
1492742059524	addons.xpi	DEBUG	Loading bootstrap scope from /Applications/Firefox.app/Contents/Resources/browser/features/e10srollout@mozilla.org.xpi
1492742059525	addons.xpi	DEBUG	Calling bootstrap method startup on e10srollout@mozilla.org version 1.14
1492742059526	addons.xpi	DEBUG	Registering manifest for /Applications/Firefox.app/Contents/Resources/browser/features/firefox@getpocket.com.xpi
1492742059527	addons.xpi	DEBUG	Loading bootstrap scope from /Applications/Firefox.app/Contents/Resources/browser/features/firefox@getpocket.com.xpi
1492742059529	addons.xpi	DEBUG	Calling bootstrap method startup on firefox@getpocket.com version 1.0.5
1492742059536	addons.xpi-utils	DEBUG	Starting async load of XPI database /var/folders/fv/rsc_8jln7mj3r5yf66_8tt5c0000gp/T/anonymous8350311055480458898webdriver-profile/extensions.json
1492742059538	addons.xpi	DEBUG	Registering manifest for /Applications/Firefox.app/Contents/Resources/browser/features/webcompat@mozilla.org.xpi
1492742059538	addons.xpi	DEBUG	Loading bootstrap scope from /Applications/Firefox.app/Contents/Resources/browser/features/webcompat@mozilla.org.xpi
1492742059539	addons.xpi	DEBUG	Calling bootstrap method startup on webcompat@mozilla.org version 1.0
1492742059541	addons.manager	DEBUG	Registering shutdown blocker for XPIProvider
1492742059541	addons.manager	DEBUG	Provider finished startup: XPIProvider
1492742059541	addons.manager	DEBUG	Starting provider: LightweightThemeManager
1492742059541	addons.manager	DEBUG	Registering shutdown blocker for LightweightThemeManager
1492742059542	addons.manager	DEBUG	Provider finished startup: LightweightThemeManager
1492742059542	addons.manager	DEBUG	Starting provider: GMPProvider
1492742059546	addons.manager	DEBUG	Registering shutdown blocker for GMPProvider
1492742059547	addons.manager	DEBUG	Provider finished startup: GMPProvider
1492742059547	addons.manager	DEBUG	Starting provider: PluginProvider
1492742059547	addons.manager	DEBUG	Registering shutdown blocker for PluginProvider
1492742059547	addons.manager	DEBUG	Provider finished startup: PluginProvider
1492742059548	addons.manager	DEBUG	Completed startup sequence
1492742059803	addons.xpi-utils	DEBUG	Async JSON file read took 0 MS
1492742059803	addons.xpi-utils	DEBUG	Finished async read of XPI database, parsing...
1492742059805	addons.xpi-utils	DEBUG	Successfully read XPI database
1492742059815	addons.manager	DEBUG	Starting provider: <unnamed-provider>
1492742059815	addons.manager	DEBUG	Registering shutdown blocker for <unnamed-provider>
1492742059816	addons.manager	DEBUG	Provider finished startup: <unnamed-provider>
*** Blocklist::_loadBlocklistFromFile: blocklist is disabled
1492742059920	addons.manager	DEBUG	Starting provider: PreviousExperimentProvider
1492742059920	addons.manager	DEBUG	Registering shutdown blocker for PreviousExperimentProvider
1492742059920	addons.manager	DEBUG	Provider finished startup: PreviousExperimentProvider
2017-04-20 21:34:21.287 plugin-container[799:30785] *** CFMessagePort: bootstrap_register(): failed 1100 (0x44c) 'Permission denied', port = 0x8a3f, name = 'com.apple.tsm.portname'
See /usr/include/servers/bootstrap_defs.h for the error codes.
2017-04-20 21:34:21.291 plugin-container[799:30785] *** CFMessagePort: bootstrap_register(): failed 1100 (0x44c) 'Permission denied', port = 0x4d1b, name = 'com.apple.CFPasteboardClient'
See /usr/include/servers/bootstrap_defs.h for the error codes.
2017-04-20 21:34:21.291 plugin-container[799:30785] void __CFPasteboardSetup() : Failed to allocate communication port for com.apple.CFPasteboardClient; this is likely due to sandbox restrictions

	at org.openqa.selenium.firefox.internal.NewProfileExtensionConnection.start(NewProfileExtensionConnection.java:118)
	... 35 more
]]>
    </error>
  </testcase> <!-- beforeMethod -->
</testsuite> <!-- com.estore.tests.ZeroInventory -->
