<?xml version="1.0" encoding="UTF-8"?>
<!-- Generated by org.testng.reporters.JUnitReportReporter -->
<testsuite skipped="1" hostname="ramesh-mbp.wfm.pvt" name="com.estore.tests.DeliveryOnly" tests="1" failures="0" timestamp="6 Apr 2017 18:30:14 GMT" time="0.001" errors="0">
  <testcase name="deliveryOnly" time="0.001" classname="com.estore.tests.DeliveryOnly">
    <skipped/>
  </testcase> <!-- deliveryOnly -->
</testsuite> <!-- com.estore.tests.DeliveryOnly -->
