<?xml version="1.0" encoding="UTF-8"?>
<!-- Generated by org.testng.reporters.JUnitReportReporter -->
<testsuite skipped="1" hostname="ramesh-mbp.wfm.pvt" name="com.estore.tests.PickupOnly" tests="2" failures="0" timestamp="2 Feb 2017 18:40:23 GMT" time="0.002" errors="1">
  <testcase name="beforeMethod" time="0.000" classname="com.estore.tests.PickupOnly">
    <error type="org.openqa.selenium.WebDriverException" message="Failed to connect to binary FirefoxBinary(/Applications/Firefox.app/Contents/MacOS/firefox-bin) on port 7055; process output follows: 
pi&quot;,&quot;e&quot;:true,&quot;v&quot;:&quot;1.7&quot;,&quot;st&quot;:1485467462000},&quot;firefox@getpocket.com&quot;:{&quot;d&quot;:&quot;/Applications/Firefox.app/Contents/Resources/browser/features/firefox@getpocket.com.xpi&quot;,&quot;e&quot;:true,&quot;v&quot;:&quot;1.0.5&quot;,&quot;st&quot;:1485467462000},&quot;webcompat@mozilla.org&quot;:{&quot;d&quot;:&quot;/Applications/Firefox.app/Contents/Resources/browser/features/webcompat@mozilla.org.xpi&quot;,&quot;e&quot;:true,&quot;v&quot;:&quot;1.0&quot;,&quot;st&quot;:1485467462000}},&quot;app-global&quot;:{&quot;{972ce4c6-7e08-4474-a285-3208198ce6fd}&quot;:{&quot;d&quot;:&quot;/Applications/Firefox.app/Contents/Resources/browser/extensions/{972ce4c6-7e08-4474-a285-3208198ce6fd}.xpi&quot;,&quot;e&quot;:true,&quot;v&quot;:&quot;51.0.1&quot;,&quot;st&quot;:1485467462000}}}
1486060778790	addons.xpi	DEBUG	No changes found
1486060778797	addons.xpi	DEBUG	Registering manifest for /Applications/Firefox.app/Contents/Resources/browser/features/aushelper@mozilla.org.xpi
1486060778798	addons.xpi	DEBUG	Loading bootstrap scope from /Applications/Firefox.app/Contents/Resources/browser/features/aushelper@mozilla.org.xpi
1486060778803	addons.xpi	DEBUG	Calling bootstrap method startup on aushelper@mozilla.org version 1.0
1486060778803	addons.xpi	DEBUG	Registering manifest for /Applications/Firefox.app/Contents/Resources/browser/features/e10srollout@mozilla.org.xpi
1486060778804	addons.xpi	DEBUG	Loading bootstrap scope from /Applications/Firefox.app/Contents/Resources/browser/features/e10srollout@mozilla.org.xpi
1486060778805	addons.xpi	DEBUG	Calling bootstrap method startup on e10srollout@mozilla.org version 1.7
1486060778806	addons.xpi	DEBUG	Registering manifest for /Applications/Firefox.app/Contents/Resources/browser/features/firefox@getpocket.com.xpi
1486060778807	addons.xpi	DEBUG	Loading bootstrap scope from /Applications/Firefox.app/Contents/Resources/browser/features/firefox@getpocket.com.xpi
1486060778809	addons.xpi	DEBUG	Calling bootstrap method startup on firefox@getpocket.com version 1.0.5
1486060778815	addons.xpi-utils	DEBUG	Starting async load of XPI database /var/folders/fv/rsc_8jln7mj3r5yf66_8tt5c0000gp/T/anonymous8081468308675926753webdriver-profile/extensions.json
1486060778816	addons.xpi	DEBUG	Registering manifest for /Applications/Firefox.app/Contents/Resources/browser/features/webcompat@mozilla.org.xpi
1486060778817	addons.xpi	DEBUG	Loading bootstrap scope from /Applications/Firefox.app/Contents/Resources/browser/features/webcompat@mozilla.org.xpi
1486060778819	addons.xpi	DEBUG	Calling bootstrap method startup on webcompat@mozilla.org version 1.0
1486060778821	addons.manager	DEBUG	Registering shutdown blocker for XPIProvider
1486060778821	addons.manager	DEBUG	Provider finished startup: XPIProvider
1486060778821	addons.manager	DEBUG	Starting provider: LightweightThemeManager
1486060778821	addons.manager	DEBUG	Registering shutdown blocker for LightweightThemeManager
1486060778821	addons.manager	DEBUG	Provider finished startup: LightweightThemeManager
1486060778822	addons.manager	DEBUG	Starting provider: GMPProvider
1486060778828	addons.manager	DEBUG	Registering shutdown blocker for GMPProvider
1486060778829	addons.manager	DEBUG	Provider finished startup: GMPProvider
1486060778829	addons.manager	DEBUG	Starting provider: PluginProvider
1486060778829	addons.manager	DEBUG	Registering shutdown blocker for PluginProvider
1486060778829	addons.manager	DEBUG	Provider finished startup: PluginProvider
1486060778830	addons.manager	DEBUG	Completed startup sequence
1486060779112	addons.xpi-utils	DEBUG	Async JSON file read took 0 MS
1486060779113	addons.xpi-utils	DEBUG	Finished async read of XPI database, parsing...
1486060779115	addons.xpi-utils	DEBUG	Successfully read XPI database
1486060779125	addons.manager	DEBUG	Starting provider: &lt;unnamed-provider&gt;
1486060779126	addons.manager	DEBUG	Registering shutdown blocker for &lt;unnamed-provider&gt;
1486060779126	addons.manager	DEBUG	Provider finished startup: &lt;unnamed-provider&gt;
*** Blocklist::_loadBlocklistFromFile: blocklist is disabled
1486060779235	addons.manager	DEBUG	Starting provider: PreviousExperimentProvider
1486060779235	addons.manager	DEBUG	Registering shutdown blocker for PreviousExperimentProvider
1486060779235	addons.manager	DEBUG	Provider finished startup: PreviousExperimentProvider

Build info: version: &#039;2.45.0&#039;, revision: &#039;5017cb8&#039;, time: &#039;2015-02-26 23:59:50&#039;
System info: host: &#039;ramesh-mbp.wfm.pvt&#039;, ip: &#039;10.5.245.196&#039;, os.name: &#039;Mac OS X&#039;, os.arch: &#039;x86_64&#039;, os.version: &#039;10.11.5&#039;, java.version: &#039;1.8.0_111&#039;
Driver info: driver.version: FirefoxDriver">
      <![CDATA[org.openqa.selenium.WebDriverException: Failed to connect to binary FirefoxBinary(/Applications/Firefox.app/Contents/MacOS/firefox-bin) on port 7055; process output follows: 
pi","e":true,"v":"1.7","st":1485467462000},"firefox@getpocket.com":{"d":"/Applications/Firefox.app/Contents/Resources/browser/features/firefox@getpocket.com.xpi","e":true,"v":"1.0.5","st":1485467462000},"webcompat@mozilla.org":{"d":"/Applications/Firefox.app/Contents/Resources/browser/features/webcompat@mozilla.org.xpi","e":true,"v":"1.0","st":1485467462000}},"app-global":{"{972ce4c6-7e08-4474-a285-3208198ce6fd}":{"d":"/Applications/Firefox.app/Contents/Resources/browser/extensions/{972ce4c6-7e08-4474-a285-3208198ce6fd}.xpi","e":true,"v":"51.0.1","st":1485467462000}}}
1486060778790	addons.xpi	DEBUG	No changes found
1486060778797	addons.xpi	DEBUG	Registering manifest for /Applications/Firefox.app/Contents/Resources/browser/features/aushelper@mozilla.org.xpi
1486060778798	addons.xpi	DEBUG	Loading bootstrap scope from /Applications/Firefox.app/Contents/Resources/browser/features/aushelper@mozilla.org.xpi
1486060778803	addons.xpi	DEBUG	Calling bootstrap method startup on aushelper@mozilla.org version 1.0
1486060778803	addons.xpi	DEBUG	Registering manifest for /Applications/Firefox.app/Contents/Resources/browser/features/e10srollout@mozilla.org.xpi
1486060778804	addons.xpi	DEBUG	Loading bootstrap scope from /Applications/Firefox.app/Contents/Resources/browser/features/e10srollout@mozilla.org.xpi
1486060778805	addons.xpi	DEBUG	Calling bootstrap method startup on e10srollout@mozilla.org version 1.7
1486060778806	addons.xpi	DEBUG	Registering manifest for /Applications/Firefox.app/Contents/Resources/browser/features/firefox@getpocket.com.xpi
1486060778807	addons.xpi	DEBUG	Loading bootstrap scope from /Applications/Firefox.app/Contents/Resources/browser/features/firefox@getpocket.com.xpi
1486060778809	addons.xpi	DEBUG	Calling bootstrap method startup on firefox@getpocket.com version 1.0.5
1486060778815	addons.xpi-utils	DEBUG	Starting async load of XPI database /var/folders/fv/rsc_8jln7mj3r5yf66_8tt5c0000gp/T/anonymous8081468308675926753webdriver-profile/extensions.json
1486060778816	addons.xpi	DEBUG	Registering manifest for /Applications/Firefox.app/Contents/Resources/browser/features/webcompat@mozilla.org.xpi
1486060778817	addons.xpi	DEBUG	Loading bootstrap scope from /Applications/Firefox.app/Contents/Resources/browser/features/webcompat@mozilla.org.xpi
1486060778819	addons.xpi	DEBUG	Calling bootstrap method startup on webcompat@mozilla.org version 1.0
1486060778821	addons.manager	DEBUG	Registering shutdown blocker for XPIProvider
1486060778821	addons.manager	DEBUG	Provider finished startup: XPIProvider
1486060778821	addons.manager	DEBUG	Starting provider: LightweightThemeManager
1486060778821	addons.manager	DEBUG	Registering shutdown blocker for LightweightThemeManager
1486060778821	addons.manager	DEBUG	Provider finished startup: LightweightThemeManager
1486060778822	addons.manager	DEBUG	Starting provider: GMPProvider
1486060778828	addons.manager	DEBUG	Registering shutdown blocker for GMPProvider
1486060778829	addons.manager	DEBUG	Provider finished startup: GMPProvider
1486060778829	addons.manager	DEBUG	Starting provider: PluginProvider
1486060778829	addons.manager	DEBUG	Registering shutdown blocker for PluginProvider
1486060778829	addons.manager	DEBUG	Provider finished startup: PluginProvider
1486060778830	addons.manager	DEBUG	Completed startup sequence
1486060779112	addons.xpi-utils	DEBUG	Async JSON file read took 0 MS
1486060779113	addons.xpi-utils	DEBUG	Finished async read of XPI database, parsing...
1486060779115	addons.xpi-utils	DEBUG	Successfully read XPI database
1486060779125	addons.manager	DEBUG	Starting provider: <unnamed-provider>
1486060779126	addons.manager	DEBUG	Registering shutdown blocker for <unnamed-provider>
1486060779126	addons.manager	DEBUG	Provider finished startup: <unnamed-provider>
*** Blocklist::_loadBlocklistFromFile: blocklist is disabled
1486060779235	addons.manager	DEBUG	Starting provider: PreviousExperimentProvider
1486060779235	addons.manager	DEBUG	Registering shutdown blocker for PreviousExperimentProvider
1486060779235	addons.manager	DEBUG	Provider finished startup: PreviousExperimentProvider

Build info: version: '2.45.0', revision: '5017cb8', time: '2015-02-26 23:59:50'
System info: host: 'ramesh-mbp.wfm.pvt', ip: '10.5.245.196', os.name: 'Mac OS X', os.arch: 'x86_64', os.version: '10.11.5', java.version: '1.8.0_111'
Driver info: driver.version: FirefoxDriver
	at org.openqa.selenium.firefox.internal.NewProfileExtensionConnection.start(NewProfileExtensionConnection.java:130)
	at org.openqa.selenium.firefox.FirefoxDriver.startClient(FirefoxDriver.java:246)
	at org.openqa.selenium.remote.RemoteWebDriver.<init>(RemoteWebDriver.java:114)
	at org.openqa.selenium.firefox.FirefoxDriver.<init>(FirefoxDriver.java:193)
	at org.openqa.selenium.firefox.FirefoxDriver.<init>(FirefoxDriver.java:186)
	at org.openqa.selenium.firefox.FirefoxDriver.<init>(FirefoxDriver.java:182)
	at org.openqa.selenium.firefox.FirefoxDriver.<init>(FirefoxDriver.java:95)
	at com.estore.util.WebDriverHelper.createDriver(WebDriverHelper.java:21)
	at com.estore.tests.TestBase.beforeMethod(TestBase.java:39)
	at sun.reflect.NativeMethodAccessorImpl.invoke0(Native Method)
	at sun.reflect.NativeMethodAccessorImpl.invoke(NativeMethodAccessorImpl.java:62)
	at sun.reflect.DelegatingMethodAccessorImpl.invoke(DelegatingMethodAccessorImpl.java:43)
	at java.lang.reflect.Method.invoke(Method.java:498)
	at org.testng.internal.MethodInvocationHelper.invokeMethod(MethodInvocationHelper.java:100)
	at org.testng.internal.Invoker.invokeConfigurationMethod(Invoker.java:515)
	at org.testng.internal.Invoker.invokeConfigurations(Invoker.java:216)
	at org.testng.internal.Invoker.invokeMethod(Invoker.java:590)
	at org.testng.internal.Invoker.invokeTestMethod(Invoker.java:811)
	at org.testng.internal.Invoker.invokeTestMethods(Invoker.java:1137)
	at org.testng.internal.TestMethodWorker.invokeTestMethods(TestMethodWorker.java:129)
	at org.testng.internal.TestMethodWorker.run(TestMethodWorker.java:112)
	at org.testng.TestRunner.privateRun(TestRunner.java:753)
	at org.testng.TestRunner.run(TestRunner.java:607)
	at org.testng.SuiteRunner.runTest(SuiteRunner.java:368)
	at org.testng.SuiteRunner.runSequentially(SuiteRunner.java:363)
	at org.testng.SuiteRunner.privateRun(SuiteRunner.java:321)
	at org.testng.SuiteRunner.run(SuiteRunner.java:270)
	at org.testng.SuiteRunnerWorker.runSuite(SuiteRunnerWorker.java:52)
	at org.testng.SuiteRunnerWorker.run(SuiteRunnerWorker.java:86)
	at org.testng.TestNG.runSuitesSequentially(TestNG.java:1284)
	at org.testng.TestNG.runSuitesLocally(TestNG.java:1209)
	at org.testng.TestNG.runSuites(TestNG.java:1124)
	at org.testng.TestNG.run(TestNG.java:1096)
	at org.testng.remote.AbstractRemoteTestNG.run(AbstractRemoteTestNG.java:132)
	at org.testng.remote.RemoteTestNG.initAndRun(RemoteTestNG.java:236)
	at org.testng.remote.RemoteTestNG.main(RemoteTestNG.java:81)
Caused by: org.openqa.selenium.firefox.NotConnectedException: Unable to connect to host 127.0.0.1 on port 7055 after 45000 ms. Firefox console output:
pi","e":true,"v":"1.7","st":1485467462000},"firefox@getpocket.com":{"d":"/Applications/Firefox.app/Contents/Resources/browser/features/firefox@getpocket.com.xpi","e":true,"v":"1.0.5","st":1485467462000},"webcompat@mozilla.org":{"d":"/Applications/Firefox.app/Contents/Resources/browser/features/webcompat@mozilla.org.xpi","e":true,"v":"1.0","st":1485467462000}},"app-global":{"{972ce4c6-7e08-4474-a285-3208198ce6fd}":{"d":"/Applications/Firefox.app/Contents/Resources/browser/extensions/{972ce4c6-7e08-4474-a285-3208198ce6fd}.xpi","e":true,"v":"51.0.1","st":1485467462000}}}
1486060778790	addons.xpi	DEBUG	No changes found
1486060778797	addons.xpi	DEBUG	Registering manifest for /Applications/Firefox.app/Contents/Resources/browser/features/aushelper@mozilla.org.xpi
1486060778798	addons.xpi	DEBUG	Loading bootstrap scope from /Applications/Firefox.app/Contents/Resources/browser/features/aushelper@mozilla.org.xpi
1486060778803	addons.xpi	DEBUG	Calling bootstrap method startup on aushelper@mozilla.org version 1.0
1486060778803	addons.xpi	DEBUG	Registering manifest for /Applications/Firefox.app/Contents/Resources/browser/features/e10srollout@mozilla.org.xpi
1486060778804	addons.xpi	DEBUG	Loading bootstrap scope from /Applications/Firefox.app/Contents/Resources/browser/features/e10srollout@mozilla.org.xpi
1486060778805	addons.xpi	DEBUG	Calling bootstrap method startup on e10srollout@mozilla.org version 1.7
1486060778806	addons.xpi	DEBUG	Registering manifest for /Applications/Firefox.app/Contents/Resources/browser/features/firefox@getpocket.com.xpi
1486060778807	addons.xpi	DEBUG	Loading bootstrap scope from /Applications/Firefox.app/Contents/Resources/browser/features/firefox@getpocket.com.xpi
1486060778809	addons.xpi	DEBUG	Calling bootstrap method startup on firefox@getpocket.com version 1.0.5
1486060778815	addons.xpi-utils	DEBUG	Starting async load of XPI database /var/folders/fv/rsc_8jln7mj3r5yf66_8tt5c0000gp/T/anonymous8081468308675926753webdriver-profile/extensions.json
1486060778816	addons.xpi	DEBUG	Registering manifest for /Applications/Firefox.app/Contents/Resources/browser/features/webcompat@mozilla.org.xpi
1486060778817	addons.xpi	DEBUG	Loading bootstrap scope from /Applications/Firefox.app/Contents/Resources/browser/features/webcompat@mozilla.org.xpi
1486060778819	addons.xpi	DEBUG	Calling bootstrap method startup on webcompat@mozilla.org version 1.0
1486060778821	addons.manager	DEBUG	Registering shutdown blocker for XPIProvider
1486060778821	addons.manager	DEBUG	Provider finished startup: XPIProvider
1486060778821	addons.manager	DEBUG	Starting provider: LightweightThemeManager
1486060778821	addons.manager	DEBUG	Registering shutdown blocker for LightweightThemeManager
1486060778821	addons.manager	DEBUG	Provider finished startup: LightweightThemeManager
1486060778822	addons.manager	DEBUG	Starting provider: GMPProvider
1486060778828	addons.manager	DEBUG	Registering shutdown blocker for GMPProvider
1486060778829	addons.manager	DEBUG	Provider finished startup: GMPProvider
1486060778829	addons.manager	DEBUG	Starting provider: PluginProvider
1486060778829	addons.manager	DEBUG	Registering shutdown blocker for PluginProvider
1486060778829	addons.manager	DEBUG	Provider finished startup: PluginProvider
1486060778830	addons.manager	DEBUG	Completed startup sequence
1486060779112	addons.xpi-utils	DEBUG	Async JSON file read took 0 MS
1486060779113	addons.xpi-utils	DEBUG	Finished async read of XPI database, parsing...
1486060779115	addons.xpi-utils	DEBUG	Successfully read XPI database
1486060779125	addons.manager	DEBUG	Starting provider: <unnamed-provider>
1486060779126	addons.manager	DEBUG	Registering shutdown blocker for <unnamed-provider>
1486060779126	addons.manager	DEBUG	Provider finished startup: <unnamed-provider>
*** Blocklist::_loadBlocklistFromFile: blocklist is disabled
1486060779235	addons.manager	DEBUG	Starting provider: PreviousExperimentProvider
1486060779235	addons.manager	DEBUG	Registering shutdown blocker for PreviousExperimentProvider
1486060779235	addons.manager	DEBUG	Provider finished startup: PreviousExperimentProvider

	at org.openqa.selenium.firefox.internal.NewProfileExtensionConnection.start(NewProfileExtensionConnection.java:118)
	... 35 more
]]>
    </error>
  </testcase> <!-- beforeMethod -->
  <testcase name="pickUpItems" time="0.002" classname="com.estore.tests.PickupOnly">
    <skipped/>
  </testcase> <!-- pickUpItems -->
</testsuite> <!-- com.estore.tests.PickupOnly -->
