<?xml version="1.0" encoding="UTF-8"?>
<!-- Generated by org.testng.reporters.JUnitReportReporter -->
<testsuite skipped="0" hostname="cecen-3xpgxf2.wfm.pvt" name="com.mobile.testcases.MobileTest" tests="1" failures="0" timestamp="20 Jul 2017 16:57:41 GMT" time="56.271" errors="0">
  <testcase name="test1" time="56.271" classname="com.mobile.testcases.MobileTest"/>
</testsuite> <!-- com.mobile.testcases.MobileTest -->
