<?xml version="1.0" encoding="UTF-8"?>
<!-- Generated by org.testng.reporters.JUnitReportReporter -->
<testsuite skipped="0" hostname="ramesh-mbp.wfm.pvt" name="com.desktop.testcases.Testnatest" tests="1" failures="0" timestamp="25 Jul 2017 16:12:42 GMT" time="4.464" errors="0">
  <testcase name="tests" time="4.464" classname="com.desktop.testcases.Testnatest"/>
</testsuite> <!-- com.desktop.testcases.Testnatest -->
