<?xml version="1.0" encoding="UTF-8"?>
<!-- Generated by org.testng.reporters.JUnitReportReporter -->
<testsuite skipped="0" hostname="ramesh-mbp.wfm.pvt" name="mobile.Test1" tests="1" failures="0" timestamp="5 Jul 2017 16:37:26 GMT" time="54.011" errors="0">
  <testcase name="f" time="54.011" classname="mobile.Test1"/>
</testsuite> <!-- mobile.Test1 -->
