<?xml version="1.0" encoding="UTF-8"?>
<!-- Generated by org.testng.reporters.JUnitReportReporter -->
<testsuite name="com.estore.tests.Raa2" tests="1" time="6.147" ignored="0" failures="0" timestamp="03 Aug 2017 02:33:58 GMT" skipped="0" hostname="Ramesh-MacBook-Pro.local" errors="0">
  <testcase name="raaaa" time="6.147" classname="com.estore.tests.Raa2"/>
</testsuite> <!-- com.estore.tests.Raa2 -->
