<?xml version="1.0" encoding="UTF-8"?>
<!-- Generated by org.testng.reporters.JUnitReportReporter -->
<testsuite hostname="Ramesh-MacBook-Pro.local" name="com.estore.tests.testCase1" tests="1" failures="0" timestamp="16 Apr 2017 22:28:56 GMT" time="4.628" errors="0">
  <testcase name="f" time="4.628" classname="com.estore.tests.testCase1"/>
</testsuite> <!-- com.estore.tests.testCase1 -->
