<?xml version="1.0" encoding="UTF-8"?>
<!-- Generated by org.testng.reporters.JUnitReportReporter -->
<testsuite name="com.estore.tests.Raaa" tests="1" time="6.751" ignored="0" failures="0" timestamp="03 Aug 2017 14:52:10 GMT" skipped="0" hostname="ramesh-mbp.wfm.pvt" errors="0">
  <testcase name="rec" time="6.751" classname="com.estore.tests.Raaa"/>
</testsuite> <!-- com.estore.tests.Raaa -->
